INFO: [VRFC 10-2263] Analyzing Verilog file "D:/vivado project/mcpu2/mcpu2.srcs/sources_1/new/SignZeroExtend.v" into library xil_defaultlib
INFO: [VRFC 10-311] analyzing module SignZeroExtend
INFO: [VRFC 10-2263] Analyzing Verilog file "D:/vivado project/mcpu2/mcpu2.srcs/sources_1/new/RegisterFile.v" into library xil_defaultlib
INFO: [VRFC 10-311] analyzing module RegisterFile
INFO: [VRFC 10-2263] Analyzing Verilog file "D:/vivado project/mcpu2/mcpu2.srcs/sources_1/new/IR.v" into library xil_defaultlib
INFO: [VRFC 10-311] analyzing module IR
INFO: [VRFC 10-2263] Analyzing Verilog file "D:/vivado project/mcpu2/mcpu2.srcs/sources_1/new/InsMEM.v" into library xil_defaultlib
INFO: [VRFC 10-311] analyzing module InsMEM
INFO: [VRFC 10-2263] Analyzing Verilog file "D:/vivado project/mcpu2/mcpu2.srcs/sources_1/new/DataMEM.v" into library xil_defaultlib
INFO: [VRFC 10-311] analyzing module DataMEM
INFO: [VRFC 10-2263] Analyzing Verilog file "D:/vivado project/mcpu2/mcpu2.srcs/sources_1/new/ControlUnit.v" into library xil_defaultlib
INFO: [VRFC 10-311] analyzing module ControlUnit
INFO: [VRFC 10-2263] Analyzing Verilog file "D:/vivado project/mcpu2/mcpu2.srcs/sources_1/new/PC.v" into library xil_defaultlib
INFO: [VRFC 10-311] analyzing module PC
INFO: [VRFC 10-2263] Analyzing Verilog file "D:/vivado project/mcpu2/mcpu2.srcs/sources_1/new/DR.v" into library xil_defaultlib
INFO: [VRFC 10-311] analyzing module DR
INFO: [VRFC 10-2263] Analyzing Verilog file "D:/vivado project/mcpu2/mcpu2.srcs/sources_1/new/ALU.v" into library xil_defaultlib
INFO: [VRFC 10-311] analyzing module ALU
INFO: [VRFC 10-2263] Analyzing Verilog file "D:/vivado project/mcpu2/mcpu2.srcs/sources_1/new/MultipleCycleCPU.v" into library xil_defaultlib
INFO: [VRFC 10-311] analyzing module MultipleCycleCPU
INFO: [VRFC 10-2263] Analyzing Verilog file "D:/vivado project/mcpu2/mcpu2.srcs/sim_1/new/sim_cpu.v" into library xil_defaultlib
INFO: [VRFC 10-311] analyzing module sim_cpu
INFO: [VRFC 10-2263] Analyzing Verilog file "D:/vivado project/mcpu2/mcpu2.sim/sim_1/behav/glbl.v" into library xil_defaultlib
INFO: [VRFC 10-311] analyzing module glbl
