Vivado Simulator 2015.2
Copyright 1986-1999, 2001-2015 Xilinx, Inc. All Rights Reserved.
Running: D:/software/Vivado/2015.2/bin/unwrapped/win64.o/xelab.exe -wto 8cdeebeced744c9da27b65395ca07142 --debug typical --relax --mt 2 -L xil_defaultlib -L unisims_ver -L unimacro_ver -L secureip --snapshot sim_cpu_behav xil_defaultlib.sim_cpu xil_defaultlib.glbl -log elaborate.log 
Using 2 slave threads.
Starting static elaboration
Completed static elaboration
Starting simulation data flow analysis
Completed simulation data flow analysis
Time Resolution for simulation is 1ps
Compiling module xil_defaultlib.SignZeroExtend
Compiling module xil_defaultlib.RegisterFile
Compiling module xil_defaultlib.PC
Compiling module xil_defaultlib.InsMEM
Compiling module xil_defaultlib.IR
Compiling module xil_defaultlib.DR
Compiling module xil_defaultlib.ALU
Compiling module xil_defaultlib.ControlUnit
Compiling module xil_defaultlib.DataMEM
Compiling module xil_defaultlib.MultipleCycleCPU
Compiling module xil_defaultlib.sim_cpu
Compiling module xil_defaultlib.glbl
Waiting for 2 sub-compilation(s) to finish...
Built simulation snapshot sim_cpu_behav
